<?xml version="1.0" encoding="UTF-8" standalone="no"?>
<testsuite errors="0" failures="2" name="io.cucumber.core.plugin.JUnitFormatter" skipped="0" tests="2" time="15.525">
<testcase classname="US005_SubDomain_Agenstseller" name="TC001_AgentSeller_olarak_SubDomain_textboxina_unique_subdomain_girildiginde_basariyla_kayit_olabilmeliyim" time="12.293">
<failure message="Keys to send should be a not null CharSequence" type="java.lang.IllegalArgumentException"><![CDATA[When kullanici glbtrader anasayfasina gider.................................passed
Then Yukarda bulunan Seller Join Now butonuna basar.........................passed
Then Agent Seller butonunu secer............................................passed
And Name textboxina "sd_name1"  girer.......................................passed
And Email textboxina "sd_mail1" girer.......................................failed
And Sub Domain textboxina "sd_subdomain" girer..............................skipped
And Mobile Number textboxina "sd_number1" girer.............................skipped
And Country dropdownundan "sd_country" secer................................skipped
And State textboxina "sd_state" girer.......................................skipped
And City textboxina "sd_city1" girer........................................skipped
And Address textboxina "sd_address1" girer..................................skipped
And EnterPostalCode textboxina "sd_postalcode1" girer.......................skipped
And Categories dropdownundan "sd_categories1" secer.........................skipped
And Password textboxina "sd_password" girer.................................skipped
And Registration butonuna basar.............................................skipped
Then Successfully mesaji gorunur............................................skipped

StackTrace:
java.lang.IllegalArgumentException: Keys to send should be a not null CharSequence
	at org.openqa.selenium.remote.RemoteWebElement.sendKeys(RemoteWebElement.java:97)
	at sun.reflect.NativeMethodAccessorImpl.invoke0(Native Method)
	at sun.reflect.NativeMethodAccessorImpl.invoke(NativeMethodAccessorImpl.java:62)
	at sun.reflect.DelegatingMethodAccessorImpl.invoke(DelegatingMethodAccessorImpl.java:43)
	at java.lang.reflect.Method.invoke(Method.java:498)
	at org.openqa.selenium.support.pagefactory.internal.LocatingElementHandler.invoke(LocatingElementHandler.java:51)
	at com.sun.proxy.$Proxy16.sendKeys(Unknown Source)
	at stepdefinitions.SubDomainAgenstsellerStepdefinations.email_textboxina_girer(SubDomainAgenstsellerStepdefinations.java:41)
	at ✽.Email textboxina "sd_mail1" girer(file:///C:/Users/Kot/IdeaProjects/GlobalTrader/src/test/resources/features/US005_SubDomain_Agenstseller.feature:8)
]]></failure>
</testcase>
<testcase classname="US005_SubDomain_Agenstseller" name="TC002_AgentSeller_olarak_SubDomain_textboxina_unique_olmayan_subdomain_girildiginde_kayıt_olamamaliyim" time="2.599">
<failure message="Keys to send should be a not null CharSequence" type="java.lang.IllegalArgumentException"><![CDATA[When kullanici glbtrader anasayfasina gider.................................passed
Then Yukarda bulunan Seller Join Now butonuna basar.........................passed
Then Agent Seller butonunu secer............................................passed
And Name textboxina "sd_name2"  girer.......................................passed
And Email textboxina "sd_mail2" girer.......................................failed
And Sub Domain textboxina "sd_subdomain" girer..............................skipped
And Mobile Number textboxina "sd_number2" girer.............................skipped
And Country dropdownundan "sd_country" secer................................skipped
And State textboxina "sd_state" girer.......................................skipped
And City textboxina "sd_city2" girer........................................skipped
And Address textboxina "sd_address1" girer..................................skipped
And EnterPostalCode textboxina "sd_postalcode2" girer.......................skipped
And Categories dropdownundan "sd_categories2" secer.........................skipped
And Password textboxina "sd_password" girer.................................skipped
And Registration butonuna basar.............................................skipped
Then Successfully mesaji gorunmez...........................................skipped

StackTrace:
java.lang.IllegalArgumentException: Keys to send should be a not null CharSequence
	at org.openqa.selenium.remote.RemoteWebElement.sendKeys(RemoteWebElement.java:97)
	at sun.reflect.NativeMethodAccessorImpl.invoke0(Native Method)
	at sun.reflect.NativeMethodAccessorImpl.invoke(NativeMethodAccessorImpl.java:62)
	at sun.reflect.DelegatingMethodAccessorImpl.invoke(DelegatingMethodAccessorImpl.java:43)
	at java.lang.reflect.Method.invoke(Method.java:498)
	at org.openqa.selenium.support.pagefactory.internal.LocatingElementHandler.invoke(LocatingElementHandler.java:51)
	at com.sun.proxy.$Proxy16.sendKeys(Unknown Source)
	at stepdefinitions.SubDomainAgenstsellerStepdefinations.email_textboxina_girer(SubDomainAgenstsellerStepdefinations.java:41)
	at ✽.Email textboxina "sd_mail2" girer(file:///C:/Users/Kot/IdeaProjects/GlobalTrader/src/test/resources/features/US005_SubDomain_Agenstseller.feature:28)
]]></failure>
</testcase>
</testsuite>
